\BOOKMARK [0][-]{chapter.1}{Introduction}{}% 1
\BOOKMARK [1][-]{section.1.1}{Motivation}{chapter.1}% 2
\BOOKMARK [1][-]{section.1.2}{Outline}{chapter.1}% 3
\BOOKMARK [0][-]{chapter.2}{Background}{}% 4
\BOOKMARK [1][-]{section.2.1}{Previous work}{chapter.2}% 5
\BOOKMARK [1][-]{section.2.2}{Why gender balance matters}{chapter.2}% 6
\BOOKMARK [1][-]{section.2.3}{Ethical concerns}{chapter.2}% 7
\BOOKMARK [0][-]{chapter.3}{Methodology}{}% 8
\BOOKMARK [1][-]{section.3.1}{Corpus}{chapter.3}% 9
\BOOKMARK [2][-]{subsection.3.1.1}{ACL Anthology Network Corpus}{section.3.1}% 10
\BOOKMARK [2][-]{subsection.3.1.2}{ArXiv Corpus}{section.3.1}% 11
\BOOKMARK [1][-]{section.3.2}{Name classification}{chapter.3}% 12
\BOOKMARK [2][-]{subsection.3.2.1}{Methods}{section.3.2}% 13
\BOOKMARK [2][-]{subsection.3.2.2}{Evaluation}{section.3.2}% 14
\BOOKMARK [0][-]{chapter.4}{Publishing patterns}{}% 15
\BOOKMARK [1][-]{section.4.1}{Summary statistics}{chapter.4}% 16
\BOOKMARK [1][-]{section.4.2}{Single authored papers and coauthorship}{chapter.4}% 17
\BOOKMARK [1][-]{section.4.3}{Collaboration network}{chapter.4}% 18
\BOOKMARK [0][-]{chapter.5}{Topic modelling}{}% 19
\BOOKMARK [1][-]{section.5.1}{Latent Dirichlet Allocation}{chapter.5}% 20
\BOOKMARK [1][-]{section.5.2}{Time evolution}{chapter.5}% 21
\BOOKMARK [2][-]{subsection.5.2.1}{Results}{section.5.2}% 22
\BOOKMARK [0][-]{chapter.6}{Stylometry}{}% 23
\BOOKMARK [1][-]{subsection.6.0.1}{Features}{chapter.6}% 24
\BOOKMARK [0][-]{chapter.7}{Conclusion}{}% 25
\BOOKMARK [0][-]{chapter*.3}{Bibliography}{}% 26
